2022/07/31 10:40:44 [notice] 1#1: using the "epoll" event method
2022/07/31 10:40:44 [notice] 1#1: nginx/1.21.6
2022/07/31 10:40:44 [notice] 1#1: built by gcc 10.3.1 20211027 (Alpine 10.3.1_git20211027) 
2022/07/31 10:40:44 [notice] 1#1: OS: Linux 5.4.0-107-generic
2022/07/31 10:40:44 [notice] 1#1: getrlimit(RLIMIT_NOFILE): 1024:524288
2022/07/31 10:40:44 [notice] 1#1: start worker processes
2022/07/31 10:40:44 [notice] 1#1: start worker process 32
2022/07/31 10:40:44 [notice] 1#1: start worker process 33
2022/07/31 10:40:44 [notice] 1#1: start worker process 34
2022/07/31 10:40:44 [notice] 1#1: start worker process 35
2022/07/31 10:43:39 [notice] 1#1: signal 3 (SIGQUIT) received, shutting down
2022/07/31 10:43:39 [notice] 32#32: gracefully shutting down
2022/07/31 10:43:39 [notice] 33#33: gracefully shutting down
2022/07/31 10:43:39 [notice] 34#34: gracefully shutting down
2022/07/31 10:43:39 [notice] 33#33: exiting
2022/07/31 10:43:39 [notice] 32#32: exiting
2022/07/31 10:43:39 [notice] 34#34: exiting
2022/07/31 10:43:39 [notice] 34#34: exit
2022/07/31 10:43:39 [notice] 33#33: exit
2022/07/31 10:43:39 [notice] 32#32: exit
2022/07/31 10:43:39 [notice] 35#35: gracefully shutting down
2022/07/31 10:43:39 [notice] 35#35: exiting
2022/07/31 10:43:39 [notice] 35#35: exit
2022/07/31 10:43:39 [notice] 1#1: signal 17 (SIGCHLD) received from 34
2022/07/31 10:43:39 [notice] 1#1: worker process 32 exited with code 0
2022/07/31 10:43:39 [notice] 1#1: worker process 33 exited with code 0
2022/07/31 10:43:39 [notice] 1#1: worker process 34 exited with code 0
2022/07/31 10:43:39 [notice] 1#1: signal 29 (SIGIO) received
2022/07/31 10:43:39 [notice] 1#1: signal 17 (SIGCHLD) received from 32
2022/07/31 10:43:39 [notice] 1#1: signal 17 (SIGCHLD) received from 35
2022/07/31 10:43:39 [notice] 1#1: worker process 35 exited with code 0
2022/07/31 10:43:39 [notice] 1#1: exit
2022/07/31 10:43:59 [notice] 1#1: using the "epoll" event method
2022/07/31 10:43:59 [notice] 1#1: nginx/1.21.6
2022/07/31 10:43:59 [notice] 1#1: built by gcc 10.3.1 20211027 (Alpine 10.3.1_git20211027) 
2022/07/31 10:43:59 [notice] 1#1: OS: Linux 5.4.0-107-generic
2022/07/31 10:43:59 [notice] 1#1: getrlimit(RLIMIT_NOFILE): 1024:524288
2022/07/31 10:43:59 [notice] 1#1: start worker processes
2022/07/31 10:43:59 [notice] 1#1: start worker process 31
2022/07/31 10:43:59 [notice] 1#1: start worker process 32
2022/07/31 10:43:59 [notice] 1#1: start worker process 33
2022/07/31 10:43:59 [notice] 1#1: start worker process 34
2022/07/31 10:44:33 [error] 31#31: *1 open() "/usr/share/nginx/html/favicon.ico" failed (2: No such file or directory), client: 49.216.56.44, server: localhost, request: "GET /favicon.ico HTTP/1.1", host: "140.115.197.126:8095", referrer: "http://140.115.197.126:8095/"
2022/07/31 10:58:06 [notice] 1#1: signal 3 (SIGQUIT) received, shutting down
2022/07/31 10:58:06 [notice] 31#31: gracefully shutting down
2022/07/31 10:58:06 [notice] 32#32: gracefully shutting down
2022/07/31 10:58:06 [notice] 33#33: gracefully shutting down
2022/07/31 10:58:06 [notice] 34#34: gracefully shutting down
2022/07/31 10:58:06 [notice] 32#32: exiting
2022/07/31 10:58:06 [notice] 33#33: exiting
2022/07/31 10:58:06 [notice] 31#31: exiting
2022/07/31 10:58:06 [notice] 34#34: exiting
2022/07/31 10:58:06 [notice] 33#33: exit
2022/07/31 10:58:06 [notice] 32#32: exit
2022/07/31 10:58:06 [notice] 31#31: exit
2022/07/31 10:58:06 [notice] 34#34: exit
2022/07/31 10:58:06 [notice] 1#1: signal 17 (SIGCHLD) received from 34
2022/07/31 10:58:06 [notice] 1#1: worker process 32 exited with code 0
2022/07/31 10:58:06 [notice] 1#1: worker process 34 exited with code 0
2022/07/31 10:58:06 [notice] 1#1: signal 29 (SIGIO) received
2022/07/31 10:58:06 [notice] 1#1: signal 17 (SIGCHLD) received from 31
2022/07/31 10:58:06 [notice] 1#1: worker process 31 exited with code 0
2022/07/31 10:58:06 [notice] 1#1: signal 17 (SIGCHLD) received from 33
2022/07/31 10:58:06 [notice] 1#1: worker process 33 exited with code 0
2022/07/31 10:58:06 [notice] 1#1: exit
2022/07/31 10:58:18 [notice] 1#1: using the "epoll" event method
2022/07/31 10:58:18 [notice] 1#1: nginx/1.21.6
2022/07/31 10:58:18 [notice] 1#1: built by gcc 10.3.1 20211027 (Alpine 10.3.1_git20211027) 
2022/07/31 10:58:18 [notice] 1#1: OS: Linux 5.4.0-107-generic
2022/07/31 10:58:18 [notice] 1#1: getrlimit(RLIMIT_NOFILE): 1024:524288
2022/07/31 10:58:18 [notice] 1#1: start worker processes
2022/07/31 10:58:18 [notice] 1#1: start worker process 33
2022/07/31 10:58:18 [notice] 1#1: start worker process 34
2022/07/31 10:58:18 [notice] 1#1: start worker process 35
2022/07/31 10:58:18 [notice] 1#1: start worker process 36
2022/07/31 11:05:22 [notice] 1#1: signal 3 (SIGQUIT) received, shutting down
2022/07/31 11:05:22 [notice] 36#36: gracefully shutting down
2022/07/31 11:05:22 [notice] 33#33: gracefully shutting down
2022/07/31 11:05:22 [notice] 34#34: gracefully shutting down
2022/07/31 11:05:22 [notice] 36#36: exiting
2022/07/31 11:05:22 [notice] 34#34: exiting
2022/07/31 11:05:22 [notice] 33#33: exiting
2022/07/31 11:05:22 [notice] 34#34: exit
2022/07/31 11:05:22 [notice] 33#33: exit
2022/07/31 11:05:22 [notice] 36#36: exit
2022/07/31 11:05:22 [notice] 35#35: gracefully shutting down
2022/07/31 11:05:22 [notice] 35#35: exiting
2022/07/31 11:05:22 [notice] 35#35: exit
2022/07/31 11:05:22 [notice] 1#1: signal 17 (SIGCHLD) received from 34
2022/07/31 11:05:22 [notice] 1#1: worker process 33 exited with code 0
2022/07/31 11:05:22 [notice] 1#1: worker process 34 exited with code 0
2022/07/31 11:05:22 [notice] 1#1: worker process 35 exited with code 0
2022/07/31 11:05:22 [notice] 1#1: worker process 36 exited with code 0
2022/07/31 11:05:22 [notice] 1#1: exit
2022/07/31 11:07:08 [notice] 1#1: using the "epoll" event method
2022/07/31 11:07:08 [notice] 1#1: nginx/1.21.6
2022/07/31 11:07:08 [notice] 1#1: built by gcc 10.3.1 20211027 (Alpine 10.3.1_git20211027) 
2022/07/31 11:07:08 [notice] 1#1: OS: Linux 5.4.0-107-generic
2022/07/31 11:07:08 [notice] 1#1: getrlimit(RLIMIT_NOFILE): 1024:524288
2022/07/31 11:07:08 [notice] 1#1: start worker processes
2022/07/31 11:07:08 [notice] 1#1: start worker process 32
2022/07/31 11:07:08 [notice] 1#1: start worker process 33
2022/07/31 11:07:08 [notice] 1#1: start worker process 34
2022/07/31 11:07:08 [notice] 1#1: start worker process 35
2022/07/31 11:08:03 [notice] 1#1: signal 3 (SIGQUIT) received, shutting down
2022/07/31 11:08:03 [notice] 32#32: gracefully shutting down
2022/07/31 11:08:03 [notice] 34#34: gracefully shutting down
2022/07/31 11:08:03 [notice] 35#35: gracefully shutting down
2022/07/31 11:08:03 [notice] 32#32: exiting
2022/07/31 11:08:03 [notice] 35#35: exiting
2022/07/31 11:08:03 [notice] 34#34: exiting
2022/07/31 11:08:03 [notice] 32#32: exit
2022/07/31 11:08:03 [notice] 34#34: exit
2022/07/31 11:08:03 [notice] 35#35: exit
2022/07/31 11:08:03 [notice] 33#33: gracefully shutting down
2022/07/31 11:08:03 [notice] 33#33: exiting
2022/07/31 11:08:03 [notice] 33#33: exit
2022/07/31 11:08:03 [notice] 1#1: signal 17 (SIGCHLD) received from 35
2022/07/31 11:08:03 [notice] 1#1: worker process 33 exited with code 0
2022/07/31 11:08:03 [notice] 1#1: worker process 35 exited with code 0
2022/07/31 11:08:03 [notice] 1#1: worker process 34 exited with code 0
2022/07/31 11:08:03 [notice] 1#1: signal 29 (SIGIO) received
2022/07/31 11:08:03 [notice] 1#1: signal 17 (SIGCHLD) received from 33
2022/07/31 11:08:03 [notice] 1#1: signal 17 (SIGCHLD) received from 32
2022/07/31 11:08:03 [notice] 1#1: worker process 32 exited with code 0
2022/07/31 11:08:03 [notice] 1#1: exit
2022/07/31 11:08:10 [notice] 1#1: using the "epoll" event method
2022/07/31 11:08:10 [notice] 1#1: nginx/1.21.6
2022/07/31 11:08:10 [notice] 1#1: built by gcc 10.3.1 20211027 (Alpine 10.3.1_git20211027) 
2022/07/31 11:08:10 [notice] 1#1: OS: Linux 5.4.0-107-generic
2022/07/31 11:08:10 [notice] 1#1: getrlimit(RLIMIT_NOFILE): 1024:524288
2022/07/31 11:08:10 [notice] 1#1: start worker processes
2022/07/31 11:08:10 [notice] 1#1: start worker process 32
2022/07/31 11:08:10 [notice] 1#1: start worker process 33
2022/07/31 11:08:10 [notice] 1#1: start worker process 34
2022/07/31 11:08:10 [notice] 1#1: start worker process 35
2022/08/03 17:11:52 [error] 32#32: *5 open() "/usr/share/nginx/html/favicon.ico" failed (2: No such file or directory), client: 192.168.80.3, server: localhost, request: "GET /favicon.ico HTTP/1.1", host: "192.168.80.2"
2022/08/03 17:26:13 [error] 32#32: *9 open() "/usr/share/nginx/html/favicon.ico" failed (2: No such file or directory), client: 192.168.80.3, server: localhost, request: "GET /favicon.ico HTTP/1.1", host: "192.168.80.2"
2022/08/03 20:16:10 [notice] 1#1: signal 3 (SIGQUIT) received, shutting down
2022/08/03 20:16:10 [notice] 33#33: gracefully shutting down
2022/08/03 20:16:10 [notice] 32#32: gracefully shutting down
2022/08/03 20:16:10 [notice] 34#34: gracefully shutting down
2022/08/03 20:16:10 [notice] 33#33: exiting
2022/08/03 20:16:10 [notice] 34#34: exiting
2022/08/03 20:16:10 [notice] 32#32: exiting
2022/08/03 20:16:10 [notice] 33#33: exit
2022/08/03 20:16:10 [notice] 32#32: exit
2022/08/03 20:16:10 [notice] 34#34: exit
2022/08/03 20:16:10 [notice] 35#35: gracefully shutting down
2022/08/03 20:16:10 [notice] 35#35: exiting
2022/08/03 20:16:10 [notice] 35#35: exit
2022/08/03 20:16:10 [notice] 1#1: signal 17 (SIGCHLD) received from 32
2022/08/03 20:16:10 [notice] 1#1: worker process 32 exited with code 0
2022/08/03 20:16:10 [notice] 1#1: signal 29 (SIGIO) received
2022/08/03 20:16:10 [notice] 1#1: signal 17 (SIGCHLD) received from 34
2022/08/03 20:16:10 [notice] 1#1: worker process 33 exited with code 0
2022/08/03 20:16:10 [notice] 1#1: worker process 34 exited with code 0
2022/08/03 20:16:10 [notice] 1#1: worker process 35 exited with code 0
2022/08/03 20:16:10 [notice] 1#1: exit
2022/08/03 20:39:42 [notice] 1#1: using the "epoll" event method
2022/08/03 20:39:42 [notice] 1#1: nginx/1.21.6
2022/08/03 20:39:42 [notice] 1#1: built by gcc 10.3.1 20211027 (Alpine 10.3.1_git20211027) 
2022/08/03 20:39:42 [notice] 1#1: OS: Linux 5.4.0-107-generic
2022/08/03 20:39:42 [notice] 1#1: getrlimit(RLIMIT_NOFILE): 1024:524288
2022/08/03 20:39:42 [notice] 1#1: start worker processes
2022/08/03 20:39:42 [notice] 1#1: start worker process 33
2022/08/03 20:39:42 [notice] 1#1: start worker process 34
2022/08/03 20:39:42 [notice] 1#1: start worker process 35
2022/08/03 20:39:42 [notice] 1#1: start worker process 36
2022/08/03 21:14:48 [notice] 1#1: signal 3 (SIGQUIT) received, shutting down
2022/08/03 21:14:48 [notice] 36#36: gracefully shutting down
2022/08/03 21:14:48 [notice] 33#33: gracefully shutting down
2022/08/03 21:14:48 [notice] 35#35: gracefully shutting down
2022/08/03 21:14:48 [notice] 33#33: exiting
2022/08/03 21:14:48 [notice] 36#36: exiting
2022/08/03 21:14:48 [notice] 35#35: exiting
2022/08/03 21:14:48 [notice] 33#33: exit
2022/08/03 21:14:48 [notice] 35#35: exit
2022/08/03 21:14:48 [notice] 36#36: exit
2022/08/03 21:14:48 [notice] 34#34: gracefully shutting down
2022/08/03 21:14:48 [notice] 34#34: exiting
2022/08/03 21:14:48 [notice] 34#34: exit
2022/08/03 21:14:48 [notice] 1#1: signal 17 (SIGCHLD) received from 36
2022/08/03 21:14:48 [notice] 1#1: worker process 33 exited with code 0
2022/08/03 21:14:48 [notice] 1#1: worker process 35 exited with code 0
2022/08/03 21:14:48 [notice] 1#1: worker process 36 exited with code 0
2022/08/03 21:14:48 [notice] 1#1: signal 29 (SIGIO) received
2022/08/03 21:14:48 [notice] 1#1: signal 17 (SIGCHLD) received from 34
2022/08/03 21:14:48 [notice] 1#1: worker process 34 exited with code 0
2022/08/03 21:14:48 [notice] 1#1: exit
2022/08/03 21:15:12 [notice] 1#1: using the "epoll" event method
2022/08/03 21:15:12 [notice] 1#1: nginx/1.21.6
2022/08/03 21:15:12 [notice] 1#1: built by gcc 10.3.1 20211027 (Alpine 10.3.1_git20211027) 
2022/08/03 21:15:12 [notice] 1#1: OS: Linux 5.4.0-107-generic
2022/08/03 21:15:12 [notice] 1#1: getrlimit(RLIMIT_NOFILE): 1024:524288
2022/08/03 21:15:12 [notice] 1#1: start worker processes
2022/08/03 21:15:12 [notice] 1#1: start worker process 32
2022/08/03 21:15:12 [notice] 1#1: start worker process 33
2022/08/03 21:15:12 [notice] 1#1: start worker process 34
2022/08/03 21:15:12 [notice] 1#1: start worker process 35
2022/08/03 21:17:52 [notice] 1#1: signal 3 (SIGQUIT) received, shutting down
2022/08/03 21:17:52 [notice] 33#33: gracefully shutting down
2022/08/03 21:17:52 [notice] 35#35: gracefully shutting down
2022/08/03 21:17:52 [notice] 33#33: exiting
2022/08/03 21:17:52 [notice] 35#35: exiting
2022/08/03 21:17:52 [notice] 33#33: exit
2022/08/03 21:17:52 [notice] 35#35: exit
2022/08/03 21:17:52 [notice] 34#34: gracefully shutting down
2022/08/03 21:17:52 [notice] 34#34: exiting
2022/08/03 21:17:52 [notice] 34#34: exit
2022/08/03 21:17:52 [notice] 32#32: gracefully shutting down
2022/08/03 21:17:52 [notice] 32#32: exiting
2022/08/03 21:17:52 [notice] 32#32: exit
2022/08/03 21:17:52 [notice] 1#1: signal 17 (SIGCHLD) received from 35
2022/08/03 21:17:52 [notice] 1#1: worker process 32 exited with code 0
2022/08/03 21:17:52 [notice] 1#1: worker process 35 exited with code 0
2022/08/03 21:17:52 [notice] 1#1: signal 29 (SIGIO) received
2022/08/03 21:17:52 [notice] 1#1: signal 17 (SIGCHLD) received from 34
2022/08/03 21:17:52 [notice] 1#1: worker process 34 exited with code 0
2022/08/03 21:17:52 [notice] 1#1: signal 29 (SIGIO) received
2022/08/03 21:17:52 [notice] 1#1: signal 17 (SIGCHLD) received from 33
2022/08/03 21:17:52 [notice] 1#1: worker process 33 exited with code 0
2022/08/03 21:17:52 [notice] 1#1: exit
2022/08/03 21:18:05 [notice] 1#1: using the "epoll" event method
2022/08/03 21:18:05 [notice] 1#1: nginx/1.21.6
2022/08/03 21:18:05 [notice] 1#1: built by gcc 10.3.1 20211027 (Alpine 10.3.1_git20211027) 
2022/08/03 21:18:05 [notice] 1#1: OS: Linux 5.4.0-107-generic
2022/08/03 21:18:05 [notice] 1#1: getrlimit(RLIMIT_NOFILE): 1024:524288
2022/08/03 21:18:05 [notice] 1#1: start worker processes
2022/08/03 21:18:05 [notice] 1#1: start worker process 31
2022/08/03 21:18:05 [notice] 1#1: start worker process 32
2022/08/03 21:18:05 [notice] 1#1: start worker process 33
2022/08/03 21:18:05 [notice] 1#1: start worker process 34
2022/08/03 21:18:31 [notice] 1#1: signal 3 (SIGQUIT) received, shutting down
2022/08/03 21:18:31 [notice] 31#31: gracefully shutting down
2022/08/03 21:18:31 [notice] 32#32: gracefully shutting down
2022/08/03 21:18:31 [notice] 31#31: exiting
2022/08/03 21:18:31 [notice] 32#32: exiting
2022/08/03 21:18:31 [notice] 31#31: exit
2022/08/03 21:18:31 [notice] 32#32: exit
2022/08/03 21:18:31 [notice] 33#33: gracefully shutting down
2022/08/03 21:18:31 [notice] 33#33: exiting
2022/08/03 21:18:31 [notice] 33#33: exit
2022/08/03 21:18:31 [notice] 34#34: gracefully shutting down
2022/08/03 21:18:31 [notice] 34#34: exiting
2022/08/03 21:18:31 [notice] 34#34: exit
2022/08/03 21:18:31 [notice] 1#1: signal 17 (SIGCHLD) received from 31
2022/08/03 21:18:31 [notice] 1#1: worker process 31 exited with code 0
2022/08/03 21:18:31 [notice] 1#1: signal 29 (SIGIO) received
2022/08/03 21:18:31 [notice] 1#1: signal 17 (SIGCHLD) received from 33
2022/08/03 21:18:31 [notice] 1#1: worker process 33 exited with code 0
2022/08/03 21:18:31 [notice] 1#1: signal 29 (SIGIO) received
2022/08/03 21:18:31 [notice] 1#1: signal 17 (SIGCHLD) received from 34
2022/08/03 21:18:31 [notice] 1#1: worker process 32 exited with code 0
2022/08/03 21:18:31 [notice] 1#1: worker process 34 exited with code 0
2022/08/03 21:18:31 [notice] 1#1: exit
2022/08/03 21:18:39 [notice] 1#1: using the "epoll" event method
2022/08/03 21:18:39 [notice] 1#1: nginx/1.21.6
2022/08/03 21:18:39 [notice] 1#1: built by gcc 10.3.1 20211027 (Alpine 10.3.1_git20211027) 
2022/08/03 21:18:39 [notice] 1#1: OS: Linux 5.4.0-107-generic
2022/08/03 21:18:39 [notice] 1#1: getrlimit(RLIMIT_NOFILE): 1024:524288
2022/08/03 21:18:39 [notice] 1#1: start worker processes
2022/08/03 21:18:39 [notice] 1#1: start worker process 32
2022/08/03 21:18:39 [notice] 1#1: start worker process 33
2022/08/03 21:18:39 [notice] 1#1: start worker process 34
2022/08/03 21:18:39 [notice] 1#1: start worker process 35
2022/08/03 21:29:12 [notice] 1#1: signal 3 (SIGQUIT) received, shutting down
2022/08/03 21:29:12 [notice] 33#33: gracefully shutting down
2022/08/03 21:29:12 [notice] 34#34: gracefully shutting down
2022/08/03 21:29:12 [notice] 33#33: exiting
2022/08/03 21:29:12 [notice] 34#34: exiting
2022/08/03 21:29:12 [notice] 34#34: exit
2022/08/03 21:29:12 [notice] 33#33: exit
2022/08/03 21:29:12 [notice] 35#35: gracefully shutting down
2022/08/03 21:29:12 [notice] 32#32: gracefully shutting down
2022/08/03 21:29:12 [notice] 35#35: exiting
2022/08/03 21:29:12 [notice] 32#32: exiting
2022/08/03 21:29:12 [notice] 32#32: exit
2022/08/03 21:29:12 [notice] 35#35: exit
2022/08/03 21:29:12 [notice] 1#1: signal 17 (SIGCHLD) received from 34
2022/08/03 21:29:12 [notice] 1#1: worker process 34 exited with code 0
2022/08/03 21:29:12 [notice] 1#1: signal 29 (SIGIO) received
2022/08/03 21:29:12 [notice] 1#1: signal 17 (SIGCHLD) received from 35
2022/08/03 21:29:12 [notice] 1#1: worker process 35 exited with code 0
2022/08/03 21:29:12 [notice] 1#1: signal 29 (SIGIO) received
2022/08/03 21:29:12 [notice] 1#1: signal 17 (SIGCHLD) received from 33
2022/08/03 21:29:12 [notice] 1#1: worker process 33 exited with code 0
2022/08/03 21:29:12 [notice] 1#1: signal 29 (SIGIO) received
2022/08/03 21:29:12 [notice] 1#1: signal 17 (SIGCHLD) received from 32
2022/08/03 21:29:12 [notice] 1#1: worker process 32 exited with code 0
2022/08/03 21:29:12 [notice] 1#1: exit
2022/08/03 21:29:14 [notice] 1#1: using the "epoll" event method
2022/08/03 21:29:14 [notice] 1#1: nginx/1.21.6
2022/08/03 21:29:14 [notice] 1#1: built by gcc 10.3.1 20211027 (Alpine 10.3.1_git20211027) 
2022/08/03 21:29:14 [notice] 1#1: OS: Linux 5.4.0-107-generic
2022/08/03 21:29:14 [notice] 1#1: getrlimit(RLIMIT_NOFILE): 1024:524288
2022/08/03 21:29:14 [notice] 1#1: start worker processes
2022/08/03 21:29:14 [notice] 1#1: start worker process 32
2022/08/03 21:29:14 [notice] 1#1: start worker process 33
2022/08/03 21:29:14 [notice] 1#1: start worker process 34
2022/08/03 21:29:14 [notice] 1#1: start worker process 35
2022/08/03 21:49:00 [error] 34#34: *3 open() "/usr/share/nginx/html/favicon.ico" failed (2: No such file or directory), client: 49.216.56.44, server: localhost, request: "GET /favicon.ico HTTP/1.1", host: "140.115.197.126:8095", referrer: "http://140.115.197.126:8095/"
2022/08/04 08:58:31 [error] 33#33: *8 open() "/usr/share/nginx/html/favicon.ico" failed (2: No such file or directory), client: 106.75.72.141, server: localhost, request: "GET /favicon.ico HTTP/1.1", host: "140.115.197.126:8095"
2022/08/04 08:58:32 [error] 33#33: *9 open() "/usr/share/nginx/html/robots.txt" failed (2: No such file or directory), client: 106.75.72.141, server: localhost, request: "GET /robots.txt HTTP/1.1", host: "140.115.197.126:8095"
2022/08/04 08:58:32 [error] 33#33: *10 open() "/usr/share/nginx/html/sitemap.xml" failed (2: No such file or directory), client: 106.75.72.141, server: localhost, request: "GET /sitemap.xml HTTP/1.1", host: "140.115.197.126:8095"
2022/08/04 14:51:38 [error] 33#33: *12 open() "/usr/share/nginx/html/system_api.php" failed (2: No such file or directory), client: 157.245.128.69, server: localhost, request: "GET /system_api.php HTTP/1.1", host: "140.115.197.126:8095"
2022/08/04 14:51:40 [error] 33#33: *13 open() "/usr/share/nginx/html/c/version.js" failed (2: No such file or directory), client: 157.245.128.69, server: localhost, request: "GET /c/version.js HTTP/1.1", host: "140.115.197.126:8095"
2022/08/04 14:51:42 [error] 33#33: *14 open() "/usr/share/nginx/html/streaming/clients_live.php" failed (2: No such file or directory), client: 157.245.128.69, server: localhost, request: "GET /streaming/clients_live.php HTTP/1.1", host: "140.115.197.126:8095"
2022/08/04 14:51:44 [error] 33#33: *15 open() "/usr/share/nginx/html/stalker_portal/c/version.js" failed (2: No such file or directory), client: 157.245.128.69, server: localhost, request: "GET /stalker_portal/c/version.js HTTP/1.1", host: "140.115.197.126:8095"
2022/08/04 14:51:46 [error] 33#33: *16 open() "/usr/share/nginx/html/stream/live.php" failed (2: No such file or directory), client: 157.245.128.69, server: localhost, request: "GET /stream/live.php HTTP/1.1", host: "140.115.197.126:8095"
2022/08/04 14:51:49 [error] 33#33: *17 open() "/usr/share/nginx/html/flu/403.html" failed (2: No such file or directory), client: 157.245.128.69, server: localhost, request: "GET /flu/403.html HTTP/1.1", host: "140.115.197.126:8095"
2022/08/04 20:29:41 [notice] 1#1: signal 3 (SIGQUIT) received, shutting down
2022/08/04 20:29:41 [notice] 35#35: gracefully shutting down
2022/08/04 20:29:41 [notice] 32#32: gracefully shutting down
2022/08/04 20:29:41 [notice] 34#34: gracefully shutting down
2022/08/04 20:29:41 [notice] 35#35: exiting
2022/08/04 20:29:41 [notice] 34#34: exiting
2022/08/04 20:29:41 [notice] 32#32: exiting
2022/08/04 20:29:41 [notice] 34#34: exit
2022/08/04 20:29:41 [notice] 32#32: exit
2022/08/04 20:29:41 [notice] 35#35: exit
2022/08/04 20:29:41 [notice] 33#33: gracefully shutting down
2022/08/04 20:29:41 [notice] 33#33: exiting
2022/08/04 20:29:41 [notice] 33#33: exit
2022/08/04 20:29:42 [notice] 1#1: signal 17 (SIGCHLD) received from 32
2022/08/04 20:29:42 [notice] 1#1: worker process 32 exited with code 0
2022/08/04 20:29:42 [notice] 1#1: signal 29 (SIGIO) received
2022/08/04 20:29:42 [notice] 1#1: signal 17 (SIGCHLD) received from 35
2022/08/04 20:29:42 [notice] 1#1: worker process 35 exited with code 0
2022/08/04 20:29:42 [notice] 1#1: signal 29 (SIGIO) received
2022/08/04 20:29:42 [notice] 1#1: signal 17 (SIGCHLD) received from 34
2022/08/04 20:29:42 [notice] 1#1: worker process 34 exited with code 0
2022/08/04 20:29:42 [notice] 1#1: signal 29 (SIGIO) received
2022/08/04 20:29:42 [notice] 1#1: signal 17 (SIGCHLD) received from 33
2022/08/04 20:29:42 [notice] 1#1: worker process 33 exited with code 0
2022/08/04 20:29:42 [notice] 1#1: exit
2022/08/04 20:29:50 [notice] 1#1: using the "epoll" event method
2022/08/04 20:29:50 [notice] 1#1: nginx/1.21.6
2022/08/04 20:29:50 [notice] 1#1: built by gcc 10.3.1 20211027 (Alpine 10.3.1_git20211027) 
2022/08/04 20:29:50 [notice] 1#1: OS: Linux 5.4.0-107-generic
2022/08/04 20:29:50 [notice] 1#1: getrlimit(RLIMIT_NOFILE): 1024:524288
2022/08/04 20:29:50 [notice] 1#1: start worker processes
2022/08/04 20:29:50 [notice] 1#1: start worker process 32
2022/08/04 20:29:50 [notice] 1#1: start worker process 33
2022/08/04 20:29:50 [notice] 1#1: start worker process 34
2022/08/04 20:29:50 [notice] 1#1: start worker process 35
2022/08/04 22:08:02 [notice] 1#1: signal 3 (SIGQUIT) received, shutting down
2022/08/04 22:08:02 [notice] 35#35: gracefully shutting down
2022/08/04 22:08:02 [notice] 32#32: gracefully shutting down
2022/08/04 22:08:02 [notice] 34#34: gracefully shutting down
2022/08/04 22:08:02 [notice] 35#35: exiting
2022/08/04 22:08:02 [notice] 34#34: exiting
2022/08/04 22:08:02 [notice] 32#32: exiting
2022/08/04 22:08:02 [notice] 35#35: exit
2022/08/04 22:08:02 [notice] 34#34: exit
2022/08/04 22:08:02 [notice] 32#32: exit
2022/08/04 22:08:02 [notice] 33#33: gracefully shutting down
2022/08/04 22:08:02 [notice] 33#33: exiting
2022/08/04 22:08:02 [notice] 33#33: exit
2022/08/04 22:08:02 [notice] 1#1: signal 17 (SIGCHLD) received from 32
2022/08/04 22:08:02 [notice] 1#1: worker process 32 exited with code 0
2022/08/04 22:08:02 [notice] 1#1: signal 29 (SIGIO) received
2022/08/04 22:08:02 [notice] 1#1: signal 17 (SIGCHLD) received from 33
2022/08/04 22:08:02 [notice] 1#1: worker process 33 exited with code 0
2022/08/04 22:08:02 [notice] 1#1: signal 29 (SIGIO) received
2022/08/04 22:08:02 [notice] 1#1: signal 17 (SIGCHLD) received from 34
2022/08/04 22:08:02 [notice] 1#1: worker process 34 exited with code 0
2022/08/04 22:08:02 [notice] 1#1: worker process 35 exited with code 0
2022/08/04 22:08:02 [notice] 1#1: exit
2022/08/04 22:08:24 [notice] 1#1: using the "epoll" event method
2022/08/04 22:08:24 [notice] 1#1: nginx/1.21.6
2022/08/04 22:08:24 [notice] 1#1: built by gcc 10.3.1 20211027 (Alpine 10.3.1_git20211027) 
2022/08/04 22:08:24 [notice] 1#1: OS: Linux 5.4.0-107-generic
2022/08/04 22:08:24 [notice] 1#1: getrlimit(RLIMIT_NOFILE): 1024:524288
2022/08/04 22:08:24 [notice] 1#1: start worker processes
2022/08/04 22:08:24 [notice] 1#1: start worker process 32
2022/08/04 22:08:24 [notice] 1#1: start worker process 33
2022/08/04 22:08:24 [notice] 1#1: start worker process 34
2022/08/04 22:08:24 [notice] 1#1: start worker process 35
2022/08/05 05:58:07 [error] 35#35: *3 open() "/usr/share/nginx/html/sitemap.xml" failed (2: No such file or directory), client: 39.99.158.136, server: localhost, request: "GET /sitemap.xml HTTP/1.1", host: "140.115.197.126:8095"
